Starting SVM training with gamma=scale...

Test set metrics:
Macro F1 Score: 0.9285

Classification Report:
              precision    recall  f1-score   support

           0       0.93      0.94      0.93      3746
           1       0.93      0.92      0.92      3409

    accuracy                           0.93      7155
   macro avg       0.93      0.93      0.93      7155
weighted avg       0.93      0.93      0.93      7155


Confusion Matrix:
[[3511  235]
 [ 275 3134]]

Total training time: 51.86 seconds
Starting SVM training with gamma=auto...

Test set metrics:
Macro F1 Score: 0.9253

Classification Report:
              precision    recall  f1-score   support

           0       0.92      0.94      0.93      3746
           1       0.93      0.91      0.92      3409

    accuracy                           0.93      7155
   macro avg       0.93      0.93      0.93      7155
weighted avg       0.93      0.93      0.93      7155


Confusion Matrix:
[[3503  243]
 [ 290 3119]]

Total training time: 42.45 seconds
Starting SVM training with gamma=0.001...

Test set metrics:
Macro F1 Score: 0.9281

Classification Report:
              precision    recall  f1-score   support

           0       0.93      0.94      0.93      3746
           1       0.93      0.92      0.92      3409

    accuracy                           0.93      7155
   macro avg       0.93      0.93      0.93      7155
weighted avg       0.93      0.93      0.93      7155


Confusion Matrix:
[[3509  237]
 [ 276 3133]]

Total training time: 46.95 seconds
Starting Logistic Regression training...

Test set metrics:
Macro F1 Score: 0.9243

Classification Report:
              precision    recall  f1-score   support

           0       0.92      0.93      0.93      3746
           1       0.93      0.92      0.92      3409

    accuracy                           0.92      7155
   macro avg       0.92      0.92      0.92      7155
weighted avg       0.92      0.92      0.92      7155


Confusion Matrix:
[[3495  251]
 [ 289 3120]]

Total training time: 14.63 seconds