Splitting data into train/test sets...
Train set size: 21464, Test set size: 7155
Loading pre-computed combined features...
Final Combined Train shape: (21464, 23982)
Final Combined Test shape: (7155, 23982)
Starting SVM training with gamma=scale...

Test set metrics:
Macro F1 Score: 0.9377

Classification Report:
              precision    recall  f1-score   support

           0       0.95      0.93      0.94      3746
           1       0.93      0.94      0.94      3409

    accuracy                           0.94      7155
   macro avg       0.94      0.94      0.94      7155
weighted avg       0.94      0.94      0.94      7155


Confusion Matrix:
[[3496  250]
 [ 195 3214]]

Total training time: 4.31 seconds
Starting SVM training with gamma=auto...

Test set metrics:
Macro F1 Score: 0.9360

Classification Report:
              precision    recall  f1-score   support

           0       0.93      0.95      0.94      3746
           1       0.94      0.92      0.93      3409

    accuracy                           0.94      7155
   macro avg       0.94      0.94      0.94      7155
weighted avg       0.94      0.94      0.94      7155


Confusion Matrix:
[[3561  185]
 [ 271 3138]]

Total training time: 1.82 seconds
Starting SVM training with gamma=0.001...

Test set metrics:
Macro F1 Score: 0.9370

Classification Report:
              precision    recall  f1-score   support

           0       0.94      0.94      0.94      3746
           1       0.93      0.94      0.93      3409

    accuracy                           0.94      7155
   macro avg       0.94      0.94      0.94      7155
weighted avg       0.94      0.94      0.94      7155


Confusion Matrix:
[[3510  236]
 [ 214 3195]]

Total training time: 3.35 seconds
Starting Logistic Regression training...

Test set metrics:
Macro F1 Score: 0.9357

Classification Report:
              precision    recall  f1-score   support

           0       0.93      0.95      0.94      3746
           1       0.95      0.92      0.93      3409

    accuracy                           0.94      7155
   macro avg       0.94      0.94      0.94      7155
weighted avg       0.94      0.94      0.94      7155


Confusion Matrix:
[[3571  175]
 [ 283 3126]]

Total training time: 0.92 seconds