Splitting data into train/test sets...
Train set size: 21464, Test set size: 7155
Loading pre-computed combined features...
Final Combined Train shape: (21464, 23982)
Final Combined Test shape: (7155, 23982)
Starting SVM training with gamma=scale...

Test set metrics:
Macro F1 Score: 0.9343

Classification Report:
              precision    recall  f1-score   support

           0       0.93      0.94      0.94      3746
           1       0.94      0.92      0.93      3409

    accuracy                           0.93      7155
   macro avg       0.93      0.93      0.93      7155
weighted avg       0.93      0.93      0.93      7155


Confusion Matrix:
[[3536  210]
 [ 259 3150]]

Total training time: 5.40 seconds
Starting SVM training with gamma=auto...

Test set metrics:
Macro F1 Score: 0.9311

Classification Report:
              precision    recall  f1-score   support

           0       0.92      0.95      0.94      3746
           1       0.94      0.91      0.93      3409

    accuracy                           0.93      7155
   macro avg       0.93      0.93      0.93      7155
weighted avg       0.93      0.93      0.93      7155


Confusion Matrix:
[[3546  200]
 [ 291 3118]]

Total training time: 3.08 seconds
Starting SVM training with gamma=0.001...

Test set metrics:
Macro F1 Score: 0.9337

Classification Report:
              precision    recall  f1-score   support

           0       0.93      0.94      0.94      3746
           1       0.94      0.92      0.93      3409

    accuracy                           0.93      7155
   macro avg       0.93      0.93      0.93      7155
weighted avg       0.93      0.93      0.93      7155


Confusion Matrix:
[[3536  210]
 [ 263 3146]]

Total training time: 3.82 seconds
Starting Logistic Regression training...

Test set metrics:
Macro F1 Score: 0.9327

Classification Report:
              precision    recall  f1-score   support

           0       0.93      0.95      0.94      3746
           1       0.94      0.92      0.93      3409

    accuracy                           0.93      7155
   macro avg       0.93      0.93      0.93      7155
weighted avg       0.93      0.93      0.93      7155


Confusion Matrix:
[[3543  203]
 [ 277 3132]]

Total training time: 1.19 seconds