Splitting data into train/test sets...
Train set size: 21464, Test set size: 7155
Loading pre-computed combined features...
Final Combined Train shape: (21464, 23982)
Final Combined Test shape: (7155, 23982)
Starting SVM training with gamma=scale...

Test set metrics:
Macro F1 Score: 0.9368

Classification Report:
              precision    recall  f1-score   support

           0       0.94      0.94      0.94      3746
           1       0.94      0.93      0.93      3409

    accuracy                           0.94      7155
   macro avg       0.94      0.94      0.94      7155
weighted avg       0.94      0.94      0.94      7155


Confusion Matrix:
[[3527  219]
 [ 232 3177]]

Total training time: 4.97 seconds
Starting SVM training with gamma=auto...

Test set metrics:
Macro F1 Score: 0.9341

Classification Report:
              precision    recall  f1-score   support

           0       0.93      0.95      0.94      3746
           1       0.94      0.92      0.93      3409

    accuracy                           0.93      7155
   macro avg       0.93      0.93      0.93      7155
weighted avg       0.93      0.93      0.93      7155


Confusion Matrix:
[[3554  192]
 [ 278 3131]]

Total training time: 2.48 seconds
Starting SVM training with gamma=0.001...

Test set metrics:
Macro F1 Score: 0.9357

Classification Report:
              precision    recall  f1-score   support

           0       0.94      0.94      0.94      3746
           1       0.94      0.93      0.93      3409

    accuracy                           0.94      7155
   macro avg       0.94      0.94      0.94      7155
weighted avg       0.94      0.94      0.94      7155


Confusion Matrix:
[[3530  216]
 [ 243 3166]]

Total training time: 3.59 seconds
Starting Logistic Regression training...

Test set metrics:
Macro F1 Score: 0.9345

Classification Report:
              precision    recall  f1-score   support

           0       0.93      0.95      0.94      3746
           1       0.94      0.92      0.93      3409

    accuracy                           0.93      7155
   macro avg       0.94      0.93      0.93      7155
weighted avg       0.93      0.93      0.93      7155


Confusion Matrix:
[[3552  194]
 [ 273 3136]]

Total training time: 1.04 seconds