Splitting data into train/test sets...
Train set size: 21464, Test set size: 7155
Loading pre-computed combined features...
Final Combined Train shape: (21464, 23982)
Final Combined Test shape: (7155, 23982)
Starting SVM training with gamma=scale...

Test set metrics:
Macro F1 Score: 0.9353

Classification Report:
              precision    recall  f1-score   support

           0       0.93      0.94      0.94      3746
           1       0.94      0.93      0.93      3409

    accuracy                           0.94      7155
   macro avg       0.94      0.94      0.94      7155
weighted avg       0.94      0.94      0.94      7155


Confusion Matrix:
[[3534  212]
 [ 250 3159]]

Total training time: 4.86 seconds
Starting SVM training with gamma=auto...

Test set metrics:
Macro F1 Score: 0.9331

Classification Report:
              precision    recall  f1-score   support

           0       0.92      0.95      0.94      3746
           1       0.94      0.92      0.93      3409

    accuracy                           0.93      7155
   macro avg       0.93      0.93      0.93      7155
weighted avg       0.93      0.93      0.93      7155


Confusion Matrix:
[[3558  188]
 [ 289 3120]]

Total training time: 2.54 seconds
Starting SVM training with gamma=0.001...

Test set metrics:
Macro F1 Score: 0.9355

Classification Report:
              precision    recall  f1-score   support

           0       0.93      0.95      0.94      3746
           1       0.94      0.93      0.93      3409

    accuracy                           0.94      7155
   macro avg       0.94      0.94      0.94      7155
weighted avg       0.94      0.94      0.94      7155


Confusion Matrix:
[[3540  206]
 [ 254 3155]]

Total training time: 3.52 seconds
Starting Logistic Regression training...

Test set metrics:
Macro F1 Score: 0.9337

Classification Report:
              precision    recall  f1-score   support

           0       0.93      0.95      0.94      3746
           1       0.94      0.92      0.93      3409

    accuracy                           0.93      7155
   macro avg       0.93      0.93      0.93      7155
weighted avg       0.93      0.93      0.93      7155


Confusion Matrix:
[[3551  195]
 [ 278 3131]]

Total training time: 1.04 seconds