Splitting data into train/test sets...
Train set size: 21464, Test set size: 7155
Loading pre-computed combined features...
Final Combined Train shape: (21464, 23982)
Final Combined Test shape: (7155, 23982)
Starting SVM training with gamma=scale...

Test set metrics:
Macro F1 Score: 0.9376

Classification Report:
              precision    recall  f1-score   support

           0       0.93      0.95      0.94      3746
           1       0.94      0.93      0.93      3409

    accuracy                           0.94      7155
   macro avg       0.94      0.94      0.94      7155
weighted avg       0.94      0.94      0.94      7155


Confusion Matrix:
[[3548  198]
 [ 247 3162]]

Total training time: 4.87 seconds
Starting SVM training with gamma=auto...

Test set metrics:
Macro F1 Score: 0.9336

Classification Report:
              precision    recall  f1-score   support

           0       0.93      0.95      0.94      3746
           1       0.94      0.92      0.93      3409

    accuracy                           0.93      7155
   macro avg       0.93      0.93      0.93      7155
weighted avg       0.93      0.93      0.93      7155


Confusion Matrix:
[[3558  188]
 [ 285 3124]]

Total training time: 2.47 seconds
Starting SVM training with gamma=0.001...

Test set metrics:
Macro F1 Score: 0.9371

Classification Report:
              precision    recall  f1-score   support

           0       0.93      0.95      0.94      3746
           1       0.94      0.93      0.93      3409

    accuracy                           0.94      7155
   macro avg       0.94      0.94      0.94      7155
weighted avg       0.94      0.94      0.94      7155


Confusion Matrix:
[[3549  197]
 [ 252 3157]]

Total training time: 3.36 seconds
Starting Logistic Regression training...

Test set metrics:
Macro F1 Score: 0.9334

Classification Report:
              precision    recall  f1-score   support

           0       0.93      0.95      0.94      3746
           1       0.94      0.92      0.93      3409

    accuracy                           0.93      7155
   macro avg       0.93      0.93      0.93      7155
weighted avg       0.93      0.93      0.93      7155


Confusion Matrix:
[[3558  188]
 [ 287 3122]]

Total training time: 0.92 seconds