Splitting data into train/test sets...
Train set size: 21464, Test set size: 7155
Loading pre-computed combined features...
Final Combined Train shape: (21464, 23982)
Final Combined Test shape: (7155, 23982)
Starting SVM training with gamma=scale...

Test set metrics:
Macro F1 Score: 0.9345

Classification Report:
              precision    recall  f1-score   support

           0       0.94      0.94      0.94      3746
           1       0.93      0.93      0.93      3409

    accuracy                           0.93      7155
   macro avg       0.93      0.93      0.93      7155
weighted avg       0.93      0.93      0.93      7155


Confusion Matrix:
[[3505  241]
 [ 227 3182]]

Total training time: 5.14 seconds
Starting SVM training with gamma=auto...

Test set metrics:
Macro F1 Score: 0.9340

Classification Report:
              precision    recall  f1-score   support

           0       0.93      0.94      0.94      3746
           1       0.93      0.93      0.93      3409

    accuracy                           0.93      7155
   macro avg       0.93      0.93      0.93      7155
weighted avg       0.93      0.93      0.93      7155


Confusion Matrix:
[[3524  222]
 [ 249 3160]]

Total training time: 2.36 seconds
Starting SVM training with gamma=0.001...

Test set metrics:
Macro F1 Score: 0.9340

Classification Report:
              precision    recall  f1-score   support

           0       0.94      0.94      0.94      3746
           1       0.93      0.93      0.93      3409

    accuracy                           0.93      7155
   macro avg       0.93      0.93      0.93      7155
weighted avg       0.93      0.93      0.93      7155


Confusion Matrix:
[[3508  238]
 [ 233 3176]]

Total training time: 3.54 seconds
Starting Logistic Regression training...

Test set metrics:
Macro F1 Score: 0.9337

Classification Report:
              precision    recall  f1-score   support

           0       0.93      0.94      0.94      3746
           1       0.93      0.93      0.93      3409

    accuracy                           0.93      7155
   macro avg       0.93      0.93      0.93      7155
weighted avg       0.93      0.93      0.93      7155


Confusion Matrix:
[[3526  220]
 [ 253 3156]]

Total training time: 0.92 seconds