Splitting data into train/test sets...
Train set size: 21464, Test set size: 7155
Loading pre-computed combined features...
Final Combined Train shape: (21464, 23982)
Final Combined Test shape: (7155, 23982)
Starting SVM training with gamma=scale...

Test set metrics:
Macro F1 Score: 0.9341

Classification Report:
              precision    recall  f1-score   support

           0       0.93      0.94      0.94      3746
           1       0.94      0.93      0.93      3409

    accuracy                           0.93      7155
   macro avg       0.93      0.93      0.93      7155
weighted avg       0.93      0.93      0.93      7155


Confusion Matrix:
[[3530  216]
 [ 254 3155]]

Total training time: 25.70 seconds
Starting SVM training with gamma=auto...

Test set metrics:
Macro F1 Score: 0.9312

Classification Report:
              precision    recall  f1-score   support

           0       0.93      0.94      0.94      3746
           1       0.94      0.92      0.93      3409

    accuracy                           0.93      7155
   macro avg       0.93      0.93      0.93      7155
weighted avg       0.93      0.93      0.93      7155


Confusion Matrix:
[[3535  211]
 [ 280 3129]]

Total training time: 17.93 seconds
Starting SVM training with gamma=0.001...

Test set metrics:
Macro F1 Score: 0.9340

Classification Report:
              precision    recall  f1-score   support

           0       0.93      0.94      0.94      3746
           1       0.94      0.93      0.93      3409

    accuracy                           0.93      7155
   macro avg       0.93      0.93      0.93      7155
weighted avg       0.93      0.93      0.93      7155


Confusion Matrix:
[[3530  216]
 [ 255 3154]]

Total training time: 21.49 seconds
Starting Logistic Regression training...

Test set metrics:
Macro F1 Score: 0.9291

Classification Report:
              precision    recall  f1-score   support

           0       0.93      0.94      0.93      3746
           1       0.93      0.92      0.93      3409

    accuracy                           0.93      7155
   macro avg       0.93      0.93      0.93      7155
weighted avg       0.93      0.93      0.93      7155


Confusion Matrix:
[[3517  229]
 [ 277 3132]]

Total training time: 8.45 seconds