Splitting data into train/test sets...
Train set size: 21464, Test set size: 7155
Loading pre-computed combined features...
Final Combined Train shape: (21464, 23982)
Final Combined Test shape: (7155, 23982)
Starting SVM training with gamma=scale...

Test set metrics:
Macro F1 Score: 0.9316

Classification Report:
              precision    recall  f1-score   support

           0       0.93      0.94      0.94      3746
           1       0.93      0.92      0.93      3409

    accuracy                           0.93      7155
   macro avg       0.93      0.93      0.93      7155
weighted avg       0.93      0.93      0.93      7155


Confusion Matrix:
[[3524  222]
 [ 266 3143]]

Total training time: 6.10 seconds
Starting SVM training with gamma=auto...

Test set metrics:
Macro F1 Score: 0.9312

Classification Report:
              precision    recall  f1-score   support

           0       0.93      0.94      0.94      3746
           1       0.94      0.92      0.93      3409

    accuracy                           0.93      7155
   macro avg       0.93      0.93      0.93      7155
weighted avg       0.93      0.93      0.93      7155


Confusion Matrix:
[[3536  210]
 [ 281 3128]]

Total training time: 4.04 seconds
Starting SVM training with gamma=0.001...

Test set metrics:
Macro F1 Score: 0.9316

Classification Report:
              precision    recall  f1-score   support

           0       0.93      0.94      0.94      3746
           1       0.93      0.92      0.93      3409

    accuracy                           0.93      7155
   macro avg       0.93      0.93      0.93      7155
weighted avg       0.93      0.93      0.93      7155


Confusion Matrix:
[[3524  222]
 [ 266 3143]]

Total training time: 4.80 seconds
Starting Logistic Regression training...

Test set metrics:
Macro F1 Score: 0.9302

Classification Report:
              precision    recall  f1-score   support

           0       0.93      0.94      0.93      3746
           1       0.94      0.92      0.93      3409

    accuracy                           0.93      7155
   macro avg       0.93      0.93      0.93      7155
weighted avg       0.93      0.93      0.93      7155


Confusion Matrix:
[[3530  216]
 [ 282 3127]]

Total training time: 2.20 seconds