Splitting data into train/test sets...
Train set size: 21464, Test set size: 7155
Loading pre-computed combined features...
Final Combined Train shape: (21464, 23982)
Final Combined Test shape: (7155, 23982)
Starting SVM training with gamma=scale...

Test set metrics:
Macro F1 Score: 0.9327

Classification Report:
              precision    recall  f1-score   support

           0       0.93      0.94      0.94      3746
           1       0.94      0.92      0.93      3409

    accuracy                           0.93      7155
   macro avg       0.93      0.93      0.93      7155
weighted avg       0.93      0.93      0.93      7155


Confusion Matrix:
[[3533  213]
 [ 267 3142]]

Total training time: 12.59 seconds
Starting SVM training with gamma=auto...

Test set metrics:
Macro F1 Score: 0.9323

Classification Report:
              precision    recall  f1-score   support

           0       0.93      0.95      0.94      3746
           1       0.94      0.92      0.93      3409

    accuracy                           0.93      7155
   macro avg       0.93      0.93      0.93      7155
weighted avg       0.93      0.93      0.93      7155


Confusion Matrix:
[[3546  200]
 [ 283 3126]]

Total training time: 8.40 seconds
Starting SVM training with gamma=0.001...

Test set metrics:
Macro F1 Score: 0.9329

Classification Report:
              precision    recall  f1-score   support

           0       0.93      0.94      0.94      3746
           1       0.94      0.92      0.93      3409

    accuracy                           0.93      7155
   macro avg       0.93      0.93      0.93      7155
weighted avg       0.93      0.93      0.93      7155


Confusion Matrix:
[[3535  211]
 [ 268 3141]]

Total training time: 10.09 seconds
Starting Logistic Regression training...

Test set metrics:
Macro F1 Score: 0.9302

Classification Report:
              precision    recall  f1-score   support

           0       0.93      0.94      0.93      3746
           1       0.94      0.92      0.93      3409

    accuracy                           0.93      7155
   macro avg       0.93      0.93      0.93      7155
weighted avg       0.93      0.93      0.93      7155


Confusion Matrix:
[[3529  217]
 [ 281 3128]]

Total training time: 4.15 seconds