Splitting data into train/test sets...
Train set size: 21464, Test set size: 7155
Loading pre-computed combined features...
Final Combined Train shape: (21464, 23982)
Final Combined Test shape: (7155, 23982)
Starting SVM training with gamma=scale...

Test set metrics:
Macro F1 Score: 0.9377

Classification Report:
              precision    recall  f1-score   support

           0       0.94      0.94      0.94      3746
           1       0.93      0.94      0.93      3409

    accuracy                           0.94      7155
   macro avg       0.94      0.94      0.94      7155
weighted avg       0.94      0.94      0.94      7155


Confusion Matrix:
[[3516  230]
 [ 215 3194]]

Total training time: 4.75 seconds
Starting SVM training with gamma=auto...

Test set metrics:
Macro F1 Score: 0.9346

Classification Report:
              precision    recall  f1-score   support

           0       0.93      0.95      0.94      3746
           1       0.94      0.92      0.93      3409

    accuracy                           0.93      7155
   macro avg       0.94      0.93      0.93      7155
weighted avg       0.94      0.93      0.93      7155


Confusion Matrix:
[[3562  184]
 [ 282 3127]]

Total training time: 2.18 seconds
Starting SVM training with gamma=0.001...

Test set metrics:
Macro F1 Score: 0.9372

Classification Report:
              precision    recall  f1-score   support

           0       0.94      0.94      0.94      3746
           1       0.93      0.93      0.93      3409

    accuracy                           0.94      7155
   macro avg       0.94      0.94      0.94      7155
weighted avg       0.94      0.94      0.94      7155


Confusion Matrix:
[[3523  223]
 [ 225 3184]]

Total training time: 3.35 seconds
Starting Logistic Regression training...

Test set metrics:
Macro F1 Score: 0.9348

Classification Report:
              precision    recall  f1-score   support

           0       0.93      0.95      0.94      3746
           1       0.94      0.92      0.93      3409

    accuracy                           0.94      7155
   macro avg       0.94      0.93      0.93      7155
weighted avg       0.94      0.94      0.93      7155


Confusion Matrix:
[[3557  189]
 [ 276 3133]]

Total training time: 1.07 seconds